<?xml version="1.0" encoding="UTF-8"?>
<testsuite xmlns:xsi="http://www.w3.org/2001/XMLSchema-instance" xsi:noNamespaceSchemaLocation="https://maven.apache.org/surefire/maven-surefire-plugin/xsd/surefire-test-report-3.0.xsd" version="3.0" name="tqs.lab3.lab3_2.CarRestControllerIT" time="0.314" tests="2" errors="0" skipped="0" failures="0">
  <properties>
[...]
</properties>
  <testcase name="getCars" classname="tqs.lab3.lab3_2.CarRestControllerIT" time="0.022">
    <system-out><![CDATA[2024-03-02T22:50:02.973Z  INFO 127010 --- [           main] t.c.s.AnnotationConfigContextLoaderUtils : Could not detect default configuration classes for test class [tqs.lab3.lab3_2.CarRestControllerIT]: CarRestControllerIT does not declare any static, non-private, non-final, nested classes annotated with @Configuration.
2024-03-02T22:50:02.974Z  INFO 127010 --- [           main] .b.t.c.SpringBootTestContextBootstrapper : Found @SpringBootConfiguration tqs.lab3.lab3_2.Lab32Application for test class tqs.lab3.lab3_2.CarRestControllerIT
2024-03-02T22:50:02.976Z  INFO 127010 --- [           main] o.s.b.d.r.RestartApplicationListener     : Restart disabled due to context in which it is running

  .   ____          _            __ _ _
 /\\ / ___'_ __ _ _(_)_ __  __ _ \ \ \ \
( ( )\___ | '_ | '_| | '_ \/ _` | \ \ \ \
 \\/  ___)| |_)| | | | | || (_| |  ) ) ) )
  '  |____| .__|_| |_|_| |_\__, | / / / /
 =========|_|==============|___/=/_/_/_/
 :: Spring Boot ::                (v3.2.3)

2024-03-02T22:50:02.985Z  INFO 127010 --- [           main] tqs.lab3.lab3_2.CarRestControllerIT      : Starting CarRestControllerIT using Java 17.0.8 with PID 127010 (started by vitorsantos in /home/vitorsantos/Documents/GitHub/TQS_107186/lab3/lab3_2)
2024-03-02T22:50:02.985Z  INFO 127010 --- [           main] tqs.lab3.lab3_2.CarRestControllerIT      : No active profile set, falling back to 1 default profile: "default"
2024-03-02T22:50:03.048Z  INFO 127010 --- [           main] .s.d.r.c.RepositoryConfigurationDelegate : Bootstrapping Spring Data JPA repositories in DEFAULT mode.
2024-03-02T22:50:03.052Z  INFO 127010 --- [           main] .s.d.r.c.RepositoryConfigurationDelegate : Finished Spring Data repository scanning in 3 ms. Found 1 JPA repository interface.
2024-03-02T22:50:03.069Z  INFO 127010 --- [           main] beddedDataSourceBeanFactoryPostProcessor : Replacing 'dataSource' DataSource bean with embedded version
2024-03-02T22:50:03.102Z  INFO 127010 --- [           main] o.s.b.w.embedded.tomcat.TomcatWebServer  : Tomcat initialized with port 0 (http)
2024-03-02T22:50:03.103Z  INFO 127010 --- [           main] o.apache.catalina.core.StandardService   : Starting service [Tomcat]
2024-03-02T22:50:03.103Z  INFO 127010 --- [           main] o.apache.catalina.core.StandardEngine    : Starting Servlet engine: [Apache Tomcat/10.1.19]
2024-03-02T22:50:03.108Z  INFO 127010 --- [           main] o.a.c.c.C.[Tomcat-1].[localhost].[/]     : Initializing Spring embedded WebApplicationContext
2024-03-02T22:50:03.108Z  INFO 127010 --- [           main] w.s.c.ServletWebServerApplicationContext : Root WebApplicationContext: initialization completed in 122 ms
2024-03-02T22:50:03.115Z  INFO 127010 --- [           main] o.s.j.d.e.EmbeddedDatabaseFactory        : Starting embedded database: url='jdbc:h2:mem:5196011a-e335-4a83-af2a-31d9fe8d1111;DB_CLOSE_DELAY=-1;DB_CLOSE_ON_EXIT=false', username='sa'
2024-03-02T22:50:03.128Z  INFO 127010 --- [           main] o.hibernate.jpa.internal.util.LogHelper  : HHH000204: Processing PersistenceUnitInfo [name: default]
2024-03-02T22:50:03.129Z  INFO 127010 --- [           main] o.h.c.internal.RegionFactoryInitiator    : HHH000026: Second-level cache disabled
2024-03-02T22:50:03.131Z  INFO 127010 --- [           main] o.s.o.j.p.SpringPersistenceUnitInfo      : No LoadTimeWeaver setup: ignoring JPA class transformer
2024-03-02T22:50:03.145Z  INFO 127010 --- [           main] o.h.e.t.j.p.i.JtaPlatformInitiator       : HHH000489: No JTA platform available (set 'hibernate.transaction.jta.platform' to enable JTA platform integration)
2024-03-02T22:50:03.147Z  INFO 127010 --- [           main] j.LocalContainerEntityManagerFactoryBean : Initialized JPA EntityManagerFactory for persistence unit 'default'
2024-03-02T22:50:03.174Z  WARN 127010 --- [           main] JpaBaseConfiguration$JpaWebConfiguration : spring.jpa.open-in-view is enabled by default. Therefore, database queries may be performed during view rendering. Explicitly configure spring.jpa.open-in-view to disable this warning
2024-03-02T22:50:03.236Z  INFO 127010 --- [           main] o.s.b.w.embedded.tomcat.TomcatWebServer  : Tomcat started on port 41685 (http) with context path ''
2024-03-02T22:50:03.238Z  INFO 127010 --- [           main] tqs.lab3.lab3_2.CarRestControllerIT      : Started CarRestControllerIT in 0.262 seconds (process running for 3.976)
2024-03-02T22:50:03.246Z  INFO 127010 --- [o-auto-2-exec-1] o.a.c.c.C.[Tomcat-1].[localhost].[/]     : Initializing Spring DispatcherServlet 'dispatcherServlet'
2024-03-02T22:50:03.246Z  INFO 127010 --- [o-auto-2-exec-1] o.s.web.servlet.DispatcherServlet        : Initializing Servlet 'dispatcherServlet'
2024-03-02T22:50:03.247Z  INFO 127010 --- [o-auto-2-exec-1] o.s.web.servlet.DispatcherServlet        : Completed initialization in 1 ms
]]></system-out>
  </testcase>
  <testcase name="createCar" classname="tqs.lab3.lab3_2.CarRestControllerIT" time="0.023"/>
</testsuite>