<?xml version="1.0" encoding="UTF-8"?>
<testsuite xmlns:xsi="http://www.w3.org/2001/XMLSchema-instance" xsi:noNamespaceSchemaLocation="https://maven.apache.org/surefire/maven-surefire-plugin/xsd/surefire-test-report-3.0.xsd" version="3.0" name="tqs.lab5.CucumberTest" time="0.153" tests="4" errors="0" skipped="0" failures="0">
  <properties>
[...]
</properties>
  <testcase name="Search books by title" classname="Book Search" time="0.08">
    <system-out><![CDATA[16:16:11.568 [main] DEBUG tqs.lab5.LibraryTest -- Searching by title with Uranium recipes for the nuclear engineer
16:16:11.571 [main] DEBUG tqs.lab5.LibraryTest -- Expected: [Book [title=Uranium recipes for the nuclear engineer, author=Homer Simpson, ISBN=1112309145190, date=Fri Mar 10 00:00:00 WET 2023, publisher=Simpson Papers]]
16:16:11.578 [main] DEBUG tqs.lab5.LibraryTest -- Result: [Book [title=Uranium recipes for the nuclear engineer, author=Homer Simpson, ISBN=1112309145190, date=Fri Mar 10 00:00:00 WET 2023, publisher=Simpson Papers]]
]]></system-out>
  </testcase>
  <testcase name="Search books by author" classname="Book Search" time="0.006">
    <system-out><![CDATA[16:16:11.586 [main] DEBUG tqs.lab5.LibraryTest -- Searching by author with Homer Simpson
16:16:11.587 [main] DEBUG tqs.lab5.LibraryTest -- Expected: [Book [title=Uranium recipes for the nuclear engineer, author=Homer Simpson, ISBN=1112309145190, date=Fri Mar 10 00:00:00 WET 2023, publisher=Simpson Papers], Book [title=Donut recipes for the couch potato, author=Homer Simpson, ISBN=7122309145191, date=Sun Feb 11 00:00:00 WET 2024, publisher=Simpson Papers]]
16:16:11.588 [main] DEBUG tqs.lab5.LibraryTest -- Result: [Book [title=Uranium recipes for the nuclear engineer, author=Homer Simpson, ISBN=1112309145190, date=Fri Mar 10 00:00:00 WET 2023, publisher=Simpson Papers], Book [title=Donut recipes for the couch potato, author=Homer Simpson, ISBN=7122309145191, date=Sun Feb 11 00:00:00 WET 2024, publisher=Simpson Papers]]
]]></system-out>
  </testcase>
  <testcase name="Search books by ISBN" classname="Book Search" time="0.006">
    <system-out><![CDATA[16:16:11.594 [main] DEBUG tqs.lab5.LibraryTest -- Searching by ISBN with 9947181058420
16:16:11.595 [main] DEBUG tqs.lab5.LibraryTest -- Expected: [Book [title=Nineteen eighty-four, author=George Orwell, ISBN=9947181058420, date=Tue Jun 07 00:00:00 WEST 1949, publisher=Secker & Warburg]]
16:16:11.595 [main] DEBUG tqs.lab5.LibraryTest -- Result: [Book [title=Nineteen eighty-four, author=George Orwell, ISBN=9947181058420, date=Tue Jun 07 00:00:00 WEST 1949, publisher=Secker & Warburg]]
]]></system-out>
  </testcase>
  <testcase name="Search books by date" classname="Book Search" time="0.005">
    <system-out><![CDATA[16:16:11.599 [main] DEBUG tqs.lab5.LibraryTest -- Searching by date with Sat Jan 01 00:00:00 WET 2000 and Wed Jan 01 00:00:00 WET 2025
16:16:11.600 [main] DEBUG tqs.lab5.LibraryTest -- Expected: [Book [title=Uranium recipes for the nuclear engineer, author=Homer Simpson, ISBN=1112309145190, date=Fri Mar 10 00:00:00 WET 2023, publisher=Simpson Papers], Book [title=Donut recipes for the couch potato, author=Homer Simpson, ISBN=7122309145191, date=Sun Feb 11 00:00:00 WET 2024, publisher=Simpson Papers], Book [title=The Odyssey, author=Homer, ISBN=7715349115199, date=Thu Mar 15 00:00:00 WET 2007, publisher=Ancient Press]]
16:16:11.601 [main] DEBUG tqs.lab5.LibraryTest -- Result: [Book [title=Uranium recipes for the nuclear engineer, author=Homer Simpson, ISBN=1112309145190, date=Fri Mar 10 00:00:00 WET 2023, publisher=Simpson Papers], Book [title=Donut recipes for the couch potato, author=Homer Simpson, ISBN=7122309145191, date=Sun Feb 11 00:00:00 WET 2024, publisher=Simpson Papers], Book [title=The Odyssey, author=Homer, ISBN=7715349115199, date=Thu Mar 15 00:00:00 WET 2007, publisher=Ancient Press]]
]]></system-out>
  </testcase>
</testsuite>