<?xml version="1.0" encoding="UTF-8"?>
<testsuite xmlns:xsi="http://www.w3.org/2001/XMLSchema-instance" xsi:noNamespaceSchemaLocation="https://maven.apache.org/surefire/maven-surefire-plugin/xsd/surefire-test-report-3.0.xsd" version="3.0" name="tqs.lab7.lab7_4.CarRestControllerIT_RealTest" time="13.566" tests="2" errors="0" skipped="0" failures="0">
  <properties>
[...]
</properties>
  <testcase name="getCars" classname="tqs.lab7.lab7_4.CarRestControllerIT_RealTest" time="2.236">
    <system-out><![CDATA[22:31:35.848 [main] INFO org.springframework.test.context.support.AnnotationConfigContextLoaderUtils -- Could not detect default configuration classes for test class [tqs.lab7.lab7_4.CarRestControllerIT_RealTest]: CarRestControllerIT_RealTest does not declare any static, non-private, non-final, nested classes annotated with @Configuration.
22:31:36.043 [main] INFO org.springframework.boot.test.context.SpringBootTestContextBootstrapper -- Found @SpringBootConfiguration tqs.lab7.lab7_4.Lab32Application for test class tqs.lab7.lab7_4.CarRestControllerIT_RealTest
22:31:36.237 [main] INFO org.testcontainers.images.PullPolicy -- Image pull policy will be performed by: DefaultPullPolicy()
22:31:36.241 [main] INFO org.testcontainers.utility.ImageNameSubstitutor -- Image name substitution will be performed by: DefaultImageNameSubstitutor (composite of 'ConfigurationFileImageNameSubstitutor' and 'PrefixingImageNameSubstitutor')
22:31:36.910 [main] INFO org.testcontainers.dockerclient.DockerClientProviderStrategy -- Found Docker environment with Docker accessed via Unix socket (/home/vitorsantos/.docker/desktop/docker.sock)
22:31:36.912 [main] INFO org.testcontainers.DockerClientFactory -- Docker host IP address is localhost
22:31:36.939 [main] INFO org.testcontainers.DockerClientFactory -- Connected to docker: 
  Server Version: 25.0.3
  API Version: 1.44
  Operating System: Docker Desktop
  Total Memory: 3735 MB
22:31:36.979 [main] INFO tc.testcontainers/ryuk:0.6.0 -- Creating container for image: testcontainers/ryuk:0.6.0
22:31:37.013 [main] INFO org.testcontainers.utility.RegistryAuthLocator -- Credential helper/store (docker-credential-desktop) does not have credentials for https://index.docker.io/v1/
22:31:37.199 [main] INFO tc.testcontainers/ryuk:0.6.0 -- Container testcontainers/ryuk:0.6.0 is starting: 9122dea7acdeae0a2b76c385d78cd6e70be3a4ee73e0f1accc946ae77d06e258
22:31:37.602 [main] INFO tc.testcontainers/ryuk:0.6.0 -- Container testcontainers/ryuk:0.6.0 started in PT0.622581557S
22:31:37.611 [main] INFO org.testcontainers.utility.RyukResourceReaper -- Ryuk started - will monitor and terminate Testcontainers containers on JVM exit
22:31:37.612 [main] INFO org.testcontainers.DockerClientFactory -- Checking the system...
22:31:37.612 [main] INFO org.testcontainers.DockerClientFactory -- ✔︎ Docker server version should be at least 1.6.0
22:31:37.623 [main] INFO tc.postgres:latest -- Creating container for image: postgres:latest
22:31:37.684 [main] INFO tc.postgres:latest -- Container postgres:latest is starting: f3d6e5ea757df5dfd6f88628d2a841c78438a3f7e20bde7cdaaf241b2f047ace
22:31:39.068 [main] INFO tc.postgres:latest -- Container postgres:latest started in PT1.445841269S
22:31:39.070 [main] INFO tc.postgres:latest -- Container is started (JDBC URL: jdbc:postgresql://localhost:33595/carDB?loggerLevel=OFF)
22:31:39.124 [main] INFO org.springframework.boot.devtools.restart.RestartApplicationListener -- Restart disabled due to context in which it is running

  .   ____          _            __ _ _
 /\\ / ___'_ __ _ _(_)_ __  __ _ \ \ \ \
( ( )\___ | '_ | '_| | '_ \/ _` | \ \ \ \
 \\/  ___)| |_)| | | | | || (_| |  ) ) ) )
  '  |____| .__|_| |_|_| |_\__, | / / / /
 =========|_|==============|___/=/_/_/_/
 :: Spring Boot ::                (v3.2.3)

2024-04-10T22:31:39.491+01:00  INFO 65635 --- [lab7_3] [           main] t.l.lab7_4.CarRestControllerIT_RealTest  : Starting CarRestControllerIT_RealTest using Java 17.0.8 with PID 65635 (started by vitorsantos in /home/vitorsantos/Documents/GitHub/TQS_107186/lab7/lab7_4)
2024-04-10T22:31:39.494+01:00  INFO 65635 --- [lab7_3] [           main] t.l.lab7_4.CarRestControllerIT_RealTest  : No active profile set, falling back to 1 default profile: "default"
2024-04-10T22:31:40.707+01:00  INFO 65635 --- [lab7_3] [           main] .s.d.r.c.RepositoryConfigurationDelegate : Bootstrapping Spring Data JPA repositories in DEFAULT mode.
2024-04-10T22:31:40.780+01:00  INFO 65635 --- [lab7_3] [           main] .s.d.r.c.RepositoryConfigurationDelegate : Finished Spring Data repository scanning in 62 ms. Found 1 JPA repository interface.
2024-04-10T22:31:41.775+01:00  INFO 65635 --- [lab7_3] [           main] o.s.b.w.embedded.tomcat.TomcatWebServer  : Tomcat initialized with port 0 (http)
2024-04-10T22:31:41.796+01:00  INFO 65635 --- [lab7_3] [           main] o.apache.catalina.core.StandardService   : Starting service [Tomcat]
2024-04-10T22:31:41.797+01:00  INFO 65635 --- [lab7_3] [           main] o.apache.catalina.core.StandardEngine    : Starting Servlet engine: [Apache Tomcat/10.1.19]
2024-04-10T22:31:41.954+01:00  INFO 65635 --- [lab7_3] [           main] o.a.c.c.C.[Tomcat].[localhost].[/]       : Initializing Spring embedded WebApplicationContext
2024-04-10T22:31:41.960+01:00  INFO 65635 --- [lab7_3] [           main] w.s.c.ServletWebServerApplicationContext : Root WebApplicationContext: initialization completed in 2149 ms
2024-04-10T22:31:42.322+01:00  INFO 65635 --- [lab7_3] [           main] com.zaxxer.hikari.HikariDataSource       : HikariPool-1 - Starting...
2024-04-10T22:31:42.764+01:00  INFO 65635 --- [lab7_3] [           main] com.zaxxer.hikari.pool.HikariPool        : HikariPool-1 - Added connection org.postgresql.jdbc.PgConnection@12723c5d
2024-04-10T22:31:42.767+01:00  INFO 65635 --- [lab7_3] [           main] com.zaxxer.hikari.HikariDataSource       : HikariPool-1 - Start completed.
2024-04-10T22:31:42.911+01:00  INFO 65635 --- [lab7_3] [           main] o.f.c.internal.license.VersionPrinter    : Flyway Community Edition 9.22.3 by Redgate
2024-04-10T22:31:42.912+01:00  INFO 65635 --- [lab7_3] [           main] o.f.c.internal.license.VersionPrinter    : See release notes here: https://rd.gt/416ObMi
2024-04-10T22:31:42.912+01:00  INFO 65635 --- [lab7_3] [           main] o.f.c.internal.license.VersionPrinter    : 
2024-04-10T22:31:42.954+01:00  INFO 65635 --- [lab7_3] [           main] org.flywaydb.core.FlywayExecutor         : Database: jdbc:postgresql://localhost:33595/carDB (PostgreSQL 16.2)
2024-04-10T22:31:42.986+01:00  WARN 65635 --- [lab7_3] [           main] o.f.c.internal.database.base.Database    : Flyway upgrade recommended: PostgreSQL 16.2 is newer than this version of Flyway and support has not been tested. The latest supported version of PostgreSQL is 15.
2024-04-10T22:31:43.045+01:00  INFO 65635 --- [lab7_3] [           main] o.f.c.i.s.JdbcTableSchemaHistory         : Schema history table "public"."flyway_schema_history" does not exist yet
2024-04-10T22:31:43.057+01:00  INFO 65635 --- [lab7_3] [           main] o.f.core.internal.command.DbValidate     : Successfully validated 1 migration (execution time 00:00.045s)
2024-04-10T22:31:43.114+01:00  INFO 65635 --- [lab7_3] [           main] o.f.c.i.s.JdbcTableSchemaHistory         : Creating Schema History table "public"."flyway_schema_history" ...
2024-04-10T22:31:43.239+01:00  INFO 65635 --- [lab7_3] [           main] o.f.core.internal.command.DbMigrate      : Current version of schema "public": << Empty Schema >>
2024-04-10T22:31:43.261+01:00  INFO 65635 --- [lab7_3] [           main] o.f.core.internal.command.DbMigrate      : Migrating schema "public" to version "001 - INIT"
2024-04-10T22:31:43.337+01:00  INFO 65635 --- [lab7_3] [           main] o.f.core.internal.command.DbMigrate      : Successfully applied 1 migration to schema "public", now at version v001 (execution time 00:00.029s)
2024-04-10T22:31:43.515+01:00  INFO 65635 --- [lab7_3] [           main] o.hibernate.jpa.internal.util.LogHelper  : HHH000204: Processing PersistenceUnitInfo [name: default]
2024-04-10T22:31:43.597+01:00  INFO 65635 --- [lab7_3] [           main] org.hibernate.Version                    : HHH000412: Hibernate ORM core version 6.4.4.Final
2024-04-10T22:31:43.639+01:00  INFO 65635 --- [lab7_3] [           main] o.h.c.internal.RegionFactoryInitiator    : HHH000026: Second-level cache disabled
2024-04-10T22:31:43.949+01:00  INFO 65635 --- [lab7_3] [           main] o.s.o.j.p.SpringPersistenceUnitInfo      : No LoadTimeWeaver setup: ignoring JPA class transformer
2024-04-10T22:31:44.841+01:00  INFO 65635 --- [lab7_3] [           main] o.h.e.t.j.p.i.JtaPlatformInitiator       : HHH000489: No JTA platform available (set 'hibernate.transaction.jta.platform' to enable JTA platform integration)
2024-04-10T22:31:44.848+01:00  INFO 65635 --- [lab7_3] [           main] j.LocalContainerEntityManagerFactoryBean : Initialized JPA EntityManagerFactory for persistence unit 'default'
2024-04-10T22:31:45.403+01:00  WARN 65635 --- [lab7_3] [           main] JpaBaseConfiguration$JpaWebConfiguration : spring.jpa.open-in-view is enabled by default. Therefore, database queries may be performed during view rendering. Explicitly configure spring.jpa.open-in-view to disable this warning
2024-04-10T22:31:46.311+01:00  INFO 65635 --- [lab7_3] [           main] o.a.c.c.C.[Tomcat].[localhost].[/]       : Initializing Spring TestDispatcherServlet ''
2024-04-10T22:31:46.311+01:00  INFO 65635 --- [lab7_3] [           main] o.s.t.web.servlet.TestDispatcherServlet  : Initializing Servlet ''
2024-04-10T22:31:46.316+01:00  INFO 65635 --- [lab7_3] [           main] o.s.t.web.servlet.TestDispatcherServlet  : Completed initialization in 4 ms
2024-04-10T22:31:46.424+01:00  INFO 65635 --- [lab7_3] [           main] o.s.b.w.embedded.tomcat.TomcatWebServer  : Tomcat started on port 40433 (http) with context path ''
2024-04-10T22:31:46.458+01:00  INFO 65635 --- [lab7_3] [           main] t.l.lab7_4.CarRestControllerIT_RealTest  : Started CarRestControllerIT_RealTest in 7.347 seconds (process running for 11.646)
]]></system-out>
  </testcase>
  <testcase name="createCar" classname="tqs.lab7.lab7_4.CarRestControllerIT_RealTest" time="0.246"/>
</testsuite>