<?xml version="1.0" encoding="UTF-8"?>
<testsuite xmlns:xsi="http://www.w3.org/2001/XMLSchema-instance" xsi:noNamespaceSchemaLocation="https://maven.apache.org/surefire/maven-surefire-plugin/xsd/surefire-test-report-3.0.xsd" version="3.0" name="tqs.lab5.CucumberTest" time="0.107" tests="12" errors="0" skipped="0" failures="0">
  <properties>
[...]
</properties>
  <testcase name="Addition" classname="Basic Arithmetic" time="0.054">
    <system-out><![CDATA[17:53:09.840 [main] DEBUG tqs.lab5.CalculatorTest -- Adding 10 and 5
17:53:09.842 [main] DEBUG tqs.lab5.CalculatorTest -- Result: 15.0 (expected 15.0)
]]></system-out>
  </testcase>
  <testcase name="Subtraction" classname="Basic Arithmetic" time="0.002">
    <system-out><![CDATA[17:53:09.846 [main] DEBUG tqs.lab5.CalculatorTest -- Subtracting 5 from 3
17:53:09.846 [main] DEBUG tqs.lab5.CalculatorTest -- Result: -2.0 (expected -2.0)
]]></system-out>
  </testcase>
  <testcase name="Division" classname="Basic Arithmetic" time="0.001">
    <system-out><![CDATA[17:53:09.848 [main] DEBUG tqs.lab5.CalculatorTest -- Dividing 21 by 7
17:53:09.848 [main] DEBUG tqs.lab5.CalculatorTest -- Result: 3.0 (expected 3.0)
]]></system-out>
  </testcase>
  <testcase name="Multiplication" classname="Basic Arithmetic" time="0.002">
    <system-out><![CDATA[17:53:09.850 [main] DEBUG tqs.lab5.CalculatorTest -- Multiply 7 by 3
17:53:09.850 [main] DEBUG tqs.lab5.CalculatorTest -- Result: 21.0 (expected 21.0)
]]></system-out>
  </testcase>
  <testcase name="Example #1.1" classname="Addition" time="0.002">
    <system-out><![CDATA[17:53:09.852 [main] DEBUG tqs.lab5.CalculatorTest -- Adding 2 and 209
17:53:09.852 [main] DEBUG tqs.lab5.CalculatorTest -- Result: 211.0 (expected 211.0)
]]></system-out>
  </testcase>
  <testcase name="Example #1.2" classname="Addition" time="0.001">
    <system-out><![CDATA[17:53:09.853 [main] DEBUG tqs.lab5.CalculatorTest -- Adding -10 and 10
17:53:09.853 [main] DEBUG tqs.lab5.CalculatorTest -- Result: 0.0 (expected 0.0)
]]></system-out>
  </testcase>
  <testcase name="Example #1.1" classname="Examples" time="0.001">
    <system-out><![CDATA[17:53:09.855 [main] DEBUG tqs.lab5.CalculatorTest -- Subtracting 2 from 209
17:53:09.855 [main] DEBUG tqs.lab5.CalculatorTest -- Result: 207.0 (expected 207.0)
]]></system-out>
  </testcase>
  <testcase name="Example #1.1" classname="Examples" time="0.001">
    <system-out><![CDATA[17:53:09.858 [main] DEBUG tqs.lab5.CalculatorTest -- Dividing 208 by 2
17:53:09.858 [main] DEBUG tqs.lab5.CalculatorTest -- Result: 104.0 (expected 104.0)
]]></system-out>
  </testcase>
  <testcase name="Example #1.1" classname="Examples" time="0.002">
    <system-out><![CDATA[17:53:09.860 [main] DEBUG tqs.lab5.CalculatorTest -- Multiply 208 by 2
17:53:09.861 [main] DEBUG tqs.lab5.CalculatorTest -- Result: 416.0 (expected 416.0)
]]></system-out>
  </testcase>
  <testcase name="Example #1.2" classname="Examples" time="0.001">
    <system-out><![CDATA[17:53:09.856 [main] DEBUG tqs.lab5.CalculatorTest -- Subtracting -10 from 10
17:53:09.856 [main] DEBUG tqs.lab5.CalculatorTest -- Result: 20.0 (expected 20.0)
]]></system-out>
  </testcase>
  <testcase name="Example #1.2" classname="Examples" time="0.001">
    <system-out><![CDATA[17:53:09.859 [main] DEBUG tqs.lab5.CalculatorTest -- Dividing -10 by 10
17:53:09.859 [main] DEBUG tqs.lab5.CalculatorTest -- Result: -1.0 (expected -1.0)
]]></system-out>
  </testcase>
  <testcase name="Example #1.2" classname="Examples" time="0.001">
    <system-out><![CDATA[17:53:09.862 [main] DEBUG tqs.lab5.CalculatorTest -- Multiply -10 by 10
17:53:09.862 [main] DEBUG tqs.lab5.CalculatorTest -- Result: -100.0 (expected -100.0)
]]></system-out>
  </testcase>
</testsuite>