<?xml version="1.0" encoding="UTF-8"?>
<testsuite xmlns:xsi="http://www.w3.org/2001/XMLSchema-instance" xsi:noNamespaceSchemaLocation="https://maven.apache.org/surefire/maven-surefire-plugin/xsd/surefire-test-report-3.0.xsd" version="3.0" name="tqsdemo.employeemngr.employee.A_EmployeeRepositoryTest" time="4.646" tests="5" errors="0" skipped="0" failures="0">
  <properties>
[...]
</properties>
  <testcase name="whenInvalidId_thenReturnNull" classname="tqsdemo.employeemngr.employee.A_EmployeeRepositoryTest" time="0.141">
    <system-out><![CDATA[2024-03-02T21:48:45.420Z  INFO 95644 --- [           main] t.c.s.AnnotationConfigContextLoaderUtils : Could not detect default configuration classes for test class [tqsdemo.employeemngr.employee.A_EmployeeRepositoryTest]: A_EmployeeRepositoryTest does not declare any static, non-private, non-final, nested classes annotated with @Configuration.
2024-03-02T21:48:45.453Z  INFO 95644 --- [           main] .b.t.c.SpringBootTestContextBootstrapper : Found @SpringBootConfiguration tqsdemo.employeemngr.EmployeeMngrApplication for test class tqsdemo.employeemngr.employee.A_EmployeeRepositoryTest
2024-03-02T21:48:45.461Z  INFO 95644 --- [           main] o.s.b.d.r.RestartApplicationListener     : Restart disabled due to context in which it is running

  .   ____          _            __ _ _
 /\\ / ___'_ __ _ _(_)_ __  __ _ \ \ \ \
( ( )\___ | '_ | '_| | '_ \/ _` | \ \ \ \
 \\/  ___)| |_)| | | | | || (_| |  ) ) ) )
  '  |____| .__|_| |_|_| |_\__, | / / / /
 =========|_|==============|___/=/_/_/_/
 :: Spring Boot ::                (v3.2.3)

2024-03-02T21:48:45.533Z  INFO 95644 --- [           main] t.e.employee.A_EmployeeRepositoryTest    : Starting A_EmployeeRepositoryTest using Java 17.0.8 with PID 95644 (started by vitorsantos in /home/vitorsantos/Documents/GitHub/TQS_107186/lab3/lab3_1)
2024-03-02T21:48:45.534Z  INFO 95644 --- [           main] t.e.employee.A_EmployeeRepositoryTest    : No active profile set, falling back to 1 default profile: "default"
2024-03-02T21:48:45.958Z  INFO 95644 --- [           main] .s.d.r.c.RepositoryConfigurationDelegate : Bootstrapping Spring Data JPA repositories in DEFAULT mode.
2024-03-02T21:48:46.032Z  INFO 95644 --- [           main] .s.d.r.c.RepositoryConfigurationDelegate : Finished Spring Data repository scanning in 59 ms. Found 1 JPA repository interface.
2024-03-02T21:48:46.116Z  INFO 95644 --- [           main] beddedDataSourceBeanFactoryPostProcessor : Replacing 'dataSource' DataSource bean with embedded version
2024-03-02T21:48:46.229Z  INFO 95644 --- [           main] o.s.j.d.e.EmbeddedDatabaseFactory        : Starting embedded database: url='jdbc:h2:mem:1fdf6400-17da-4d56-9247-1daf1544ae0b;DB_CLOSE_DELAY=-1;DB_CLOSE_ON_EXIT=false', username='sa'
2024-03-02T21:48:46.788Z  INFO 95644 --- [           main] o.hibernate.jpa.internal.util.LogHelper  : HHH000204: Processing PersistenceUnitInfo [name: default]
2024-03-02T21:48:46.921Z  INFO 95644 --- [           main] org.hibernate.Version                    : HHH000412: Hibernate ORM core version 6.4.4.Final
2024-03-02T21:48:46.990Z  INFO 95644 --- [           main] o.h.c.internal.RegionFactoryInitiator    : HHH000026: Second-level cache disabled
2024-03-02T21:48:47.200Z  INFO 95644 --- [           main] o.s.o.j.p.SpringPersistenceUnitInfo      : No LoadTimeWeaver setup: ignoring JPA class transformer
2024-03-02T21:48:48.776Z  INFO 95644 --- [           main] o.h.e.t.j.p.i.JtaPlatformInitiator       : HHH000489: No JTA platform available (set 'hibernate.transaction.jta.platform' to enable JTA platform integration)
Hibernate: drop table if exists tqs_employee cascade 
Hibernate: drop sequence if exists tqs_employee_seq
Hibernate: create sequence tqs_employee_seq start with 1 increment by 50
Hibernate: create table tqs_employee (id bigint not null, name varchar(60), email varchar(255) not null, primary key (id))
2024-03-02T21:48:48.857Z  INFO 95644 --- [           main] j.LocalContainerEntityManagerFactoryBean : Initialized JPA EntityManagerFactory for persistence unit 'default'
2024-03-02T21:48:49.505Z  INFO 95644 --- [           main] t.e.employee.A_EmployeeRepositoryTest    : Started A_EmployeeRepositoryTest in 4.045 seconds (process running for 12.088)
Hibernate: select e1_0.id,e1_0.email,e1_0.name from tqs_employee e1_0 where e1_0.id=?
]]></system-out>
  </testcase>
  <testcase name="whenFindAlexByName_thenReturnAlexEmployee" classname="tqsdemo.employeemngr.employee.A_EmployeeRepositoryTest" time="0.336">
    <system-out><![CDATA[Hibernate: select next value for tqs_employee_seq
Hibernate: insert into tqs_employee (email,name,id) values (?,?,?)
Hibernate: select e1_0.id,e1_0.email,e1_0.name from tqs_employee e1_0 where e1_0.name=?
]]></system-out>
  </testcase>
  <testcase name="givenSetOfEmployees_whenFindAll_thenReturnAllEmployees" classname="tqsdemo.employeemngr.employee.A_EmployeeRepositoryTest" time="0.028">
    <system-out><![CDATA[Hibernate: select next value for tqs_employee_seq
Hibernate: insert into tqs_employee (email,name,id) values (?,?,?)
Hibernate: insert into tqs_employee (email,name,id) values (?,?,?)
Hibernate: insert into tqs_employee (email,name,id) values (?,?,?)
Hibernate: select e1_0.id,e1_0.email,e1_0.name from tqs_employee e1_0
]]></system-out>
  </testcase>
  <testcase name="whenInvalidEmployeeName_thenReturnNull" classname="tqsdemo.employeemngr.employee.A_EmployeeRepositoryTest" time="0.014">
    <system-out><![CDATA[Hibernate: select e1_0.id,e1_0.email,e1_0.name from tqs_employee e1_0 where e1_0.name=?
]]></system-out>
  </testcase>
  <testcase name="whenFindEmployedByExistingId_thenReturnEmployee" classname="tqsdemo.employeemngr.employee.A_EmployeeRepositoryTest" time="0.016">
    <system-out><![CDATA[Hibernate: insert into tqs_employee (email,name,id) values (?,?,?)
]]></system-out>
  </testcase>
</testsuite>