<?xml version="1.0" encoding="UTF-8"?>
<testsuite xmlns:xsi="http://www.w3.org/2001/XMLSchema-instance" xsi:noNamespaceSchemaLocation="https://maven.apache.org/surefire/maven-surefire-plugin/xsd/surefire-test-report-3.0.xsd" version="3.0" name="tqs.lab1.StackTests" time="0.049" tests="8" errors="0" skipped="0" failures="0">
  <properties>
[...]
</properties>
  <testcase name="pushOnePopOne" classname="tqs.lab1.StackTests" time="0.021"/>
  <testcase name="popVals" classname="tqs.lab1.StackTests" time="0.001"/>
  <testcase name="peek" classname="tqs.lab1.StackTests" time="0.001"/>
  <testcase name="popEmpty" classname="tqs.lab1.StackTests" time="0.004"/>
  <testcase name="sizeZero" classname="tqs.lab1.StackTests" time="0.001"/>
  <testcase name="pushVals" classname="tqs.lab1.StackTests" time="0.0"/>
  <testcase name="peekEmpty" classname="tqs.lab1.StackTests" time="0.001"/>
  <testcase name="isEmpty" classname="tqs.lab1.StackTests" time="0.001"/>
</testsuite>