<?xml version="1.0" encoding="UTF-8"?>
<testsuite xmlns:xsi="http://www.w3.org/2001/XMLSchema-instance" xsi:noNamespaceSchemaLocation="https://maven.apache.org/surefire/maven-surefire-plugin/xsd/surefire-test-report.xsd" name="tqs.lab7.JsonPlaceholderAPITest" time="2.453" tests="4" errors="0" skipped="0" failures="0">
  <properties>
[...]
</properties>
  <testcase name="whenGetAllTodos_thenOK" classname="tqs.lab7.JsonPlaceholderAPITest" time="1.589"/>
  <testcase name="whenGetAllTodos_thenId198And199" classname="tqs.lab7.JsonPlaceholderAPITest" time="0.547"/>
  <testcase name="whenGetAllTodos_thenResponseTimeLessThan2Sec" classname="tqs.lab7.JsonPlaceholderAPITest" time="0.117"/>
  <testcase name="whenGetTodoByNum_thenTitle" classname="tqs.lab7.JsonPlaceholderAPITest" time="0.165"/>
</testsuite>