<?xml version="1.0" encoding="UTF-8"?>
<testsuite xmlns:xsi="http://www.w3.org/2001/XMLSchema-instance" xsi:noNamespaceSchemaLocation="https://maven.apache.org/surefire/maven-failsafe-plugin/xsd/failsafe-test-report-3.0.xsd" version="3.0" name="tqs.lab2.AddressResolverIT" time="1.53" tests="1" errors="0" skipped="0" failures="0">
  <properties>
[...]
</properties>
  <testcase name="findAddr" classname="tqs.lab2.AddressResolverIT" time="1.519">
    <system-err><![CDATA[fev. 23, 2024 11:09:09 DA TARDE tqs.lab2.AddressResolverService findAddressForLocation
INFO: {"info":{"statuscode":0,"copyright":{"text":"© 2024 MapQuest, Inc.","imageUrl":"http://api.mqcdn.com/res/mqlogo.gif","imageAltText":"© 2024 MapQuest, Inc."},"messages":[]},"options":{"maxResults":1,"ignoreLatLngInput":false},"results":[{"providedLocation":{"latLng":{"lat":30.33347,"lng":-81.47045}},"locations":[{"street":"802 Arkenstone Dr","adminArea6":"East Arlington","adminArea6Type":"Neighborhood","adminArea5":"Jacksonville","adminArea5Type":"City","adminArea4":"Duval","adminArea4Type":"County","adminArea3":"FL","adminArea3Type":"State","adminArea1":"US","adminArea1Type":"Country","postalCode":"32225","geocodeQualityCode":"L1AAA","geocodeQuality":"ADDRESS","dragPoint":false,"sideOfStreet":"L","linkId":"0","unknownInput":"","type":"s","latLng":{"lat":30.33353,"lng":-81.47004},"displayLatLng":{"lat":30.33356,"lng":-81.47019},"mapUrl":""}]}]}
fev. 23, 2024 11:09:09 DA TARDE tqs.lab2.AddressResolverService findAddressForLocation
INFO: {"info":{"statuscode":400,"copyright":{"text":"© 2024 MapQuest, Inc.","imageUrl":"http://api.mqcdn.com/res/mqlogo.gif","imageAltText":"© 2024 MapQuest, Inc."},"messages":["Illegal argument from request: Invalid LatLng specified."]},"options":{"maxResults":1,"ignoreLatLngInput":false},"results":[{"providedLocation":{},"locations":[]}]}
]]></system-err>
  </testcase>
</testsuite>